# JRE version: OpenJDK Runtime Environment (11.0.13+8) (build 11.0.13+8)
# Java VM: OpenJDK 64-Bit Server VM (11.0.13+8, mixed mode, tiered, compressed oops, g1 gc, linux-amd64)
Heap:
 garbage-first heap   total 119808K, used 46247K [0x00000000c4600000, 0x0000000100000000)
  region size 1024K, 11 young (11264K), 0 survivors (0K)
 Metaspace       used 80293K, capacity 84346K, committed 84520K, reserved 1122304K
  class space    used 10476K, capacity 11907K, committed 11980K, reserved 1048576K
GC Heap History (20 events):
Event: 541.226 GC heap before
{Heap before GC invocations=154 (full 10):
 garbage-first heap   total 119808K, used 89825K [0x00000000c4600000, 0x0000000100000000)
  region size 1024K, 53 young (54272K), 0 survivors (0K)
 Metaspace       used 79818K, capacity 83839K, committed 84008K, reserved 1122304K
  class space    used 10435K, capacity 11870K, committed 11980K, reserved 1048576K
}
Event: 541.247 GC heap after
{Heap after GC invocations=155 (full 10):
 garbage-first heap   total 119808K, used 38908K [0x00000000c4600000, 0x0000000100000000)
  region size 1024K, 4 young (4096K), 4 survivors (4096K)
 Metaspace       used 79818K, capacity 83839K, committed 84008K, reserved 1122304K
  class space    used 10435K, capacity 11870K, committed 11980K, reserved 1048576K
}
Event: 541.444 GC heap before
{Heap before GC invocations=156 (full 10):
 garbage-first heap   total 119808K, used 90108K [0x00000000c4600000, 0x0000000100000000)
  region size 1024K, 55 young (56320K), 4 survivors (4096K)
 Metaspace       used 79905K, capacity 83903K, committed 84264K, reserved 1122304K
  class space    used 10444K, capacity 11870K, committed 11980K, reserved 1048576K
}
Event: 541.453 GC heap after
{Heap after GC invocations=157 (full 10):
 garbage-first heap   total 119808K, used 39426K [0x00000000c4600000, 0x0000000100000000)
  region size 1024K, 4 young (4096K), 4 survivors (4096K)
 Metaspace       used 79905K, capacity 83903K, committed 84264K, reserved 1122304K
  class space    used 10444K, capacity 11870K, committed 11980K, reserved 1048576K
}
Event: 541.839 GC heap before
{Heap before GC invocations=157 (full 10):
 garbage-first heap   total 119808K, used 92674K [0x00000000c4600000, 0x0000000100000000)
  region size 1024K, 57 young (58368K), 4 survivors (4096K)
 Metaspace       used 80274K, capacity 84273K, committed 84520K, reserved 1122304K
  class space    used 10475K, capacity 11905K, committed 11980K, reserved 1048576K
}
Event: 541.863 GC heap after
{Heap after GC invocations=158 (full 10):
 garbage-first heap   total 119808K, used 43059K [0x00000000c4600000, 0x0000000100000000)
  region size 1024K, 8 young (8192K), 8 survivors (8192K)
 Metaspace       used 80274K, capacity 84273K, committed 84520K, reserved 1122304K
  class space    used 10475K, capacity 11905K, committed 11980K, reserved 1048576K
}
Event: 542.100 GC heap before
{Heap before GC invocations=159 (full 10):
 garbage-first heap   total 119808K, used 94259K [0x00000000c4600000, 0x0000000100000000)
  region size 1024K, 58 young (59392K), 8 survivors (8192K)
 Metaspace       used 80274K, capacity 84273K, committed 84520K, reserved 1122304K
  class space    used 10475K, capacity 11905K, committed 11980K, reserved 1048576K
}
Event: 542.116 GC heap after
{Heap after GC invocations=160 (full 10):
 garbage-first heap   total 119808K, used 43989K [0x00000000c4600000, 0x0000000100000000)
  region size 1024K, 5 young (5120K), 5 survivors (5120K)
 Metaspace       used 80274K, capacity 84273K, committed 84520K, reserved 1122304K
  class space    used 10475K, capacity 11905K, committed 11980K, reserved 1048576K
}
Event: 542.118 GC heap before
{Heap before GC invocations=160 (full 10):
 garbage-first heap   total 119808K, used 43989K [0x00000000c4600000, 0x0000000100000000)
  region size 1024K, 6 young (6144K), 5 survivors (5120K)
 Metaspace       used 80274K, capacity 84273K, committed 84520K, reserved 1122304K
  class space    used 10475K, capacity 11905K, committed 11980K, reserved 1048576K
}
Event: 542.133 GC heap after
{Heap after GC invocations=161 (full 10):
 garbage-first heap   total 119808K, used 43990K [0x00000000c4600000, 0x0000000100000000)
  region size 1024K, 2 young (2048K), 2 survivors (2048K)
 Metaspace       used 80274K, capacity 84273K, committed 84520K, reserved 1122304K
  class space    used 10475K, capacity 11905K, committed 11980K, reserved 1048576K
}
Event: 542.230 GC heap before
{Heap before GC invocations=161 (full 10):
 garbage-first heap   total 119808K, used 79830K [0x00000000c4600000, 0x0000000100000000)
  region size 1024K, 37 young (37888K), 2 survivors (2048K)
 Metaspace       used 80274K, capacity 84273K, committed 84520K, reserved 1122304K
  class space    used 10475K, capacity 11905K, committed 11980K, reserved 1048576K
}
Event: 542.288 GC heap after
{Heap after GC invocations=162 (full 10):
 garbage-first heap   total 119808K, used 53299K [0x00000000c4600000, 0x0000000100000000)
  region size 1024K, 5 young (5120K), 5 survivors (5120K)
 Metaspace       used 80274K, capacity 84273K, committed 84520K, reserved 1122304K
  class space    used 10475K, capacity 11905K, committed 11980K, reserved 1048576K
}
Event: 542.495 GC heap before
{Heap before GC invocations=163 (full 10):
 garbage-first heap   total 119808K, used 84019K [0x00000000c4600000, 0x0000000100000000)
  region size 1024K, 35 young (35840K), 5 survivors (5120K)
 Metaspace       used 80274K, capacity 84273K, committed 84520K, reserved 1122304K
  class space    used 10475K, capacity 11905K, committed 11980K, reserved 1048576K
}
Event: 542.541 GC heap after
{Heap after GC invocations=164 (full 10):
 garbage-first heap   total 119808K, used 58716K [0x00000000c4600000, 0x0000000100000000)
  region size 1024K, 5 young (5120K), 5 survivors (5120K)
 Metaspace       used 80274K, capacity 84273K, committed 84520K, reserved 1122304K
  class space    used 10475K, capacity 11905K, committed 11980K, reserved 1048576K
}
Event: 542.834 GC heap before
{Heap before GC invocations=164 (full 10):
 garbage-first heap   total 119808K, used 86364K [0x00000000c4600000, 0x0000000100000000)
  region size 1024K, 32 young (32768K), 5 survivors (5120K)
 Metaspace       used 80283K, capacity 84337K, committed 84520K, reserved 1122304K
  class space    used 10476K, capacity 11905K, committed 11980K, reserved 1048576K
}
Event: 542.880 GC heap after
{Heap after GC invocations=165 (full 10):
 garbage-first heap   total 119808K, used 63669K [0x00000000c4600000, 0x0000000100000000)
  region size 1024K, 4 young (4096K), 4 survivors (4096K)
 Metaspace       used 80283K, capacity 84337K, committed 84520K, reserved 1122304K
  class space    used 10476K, capacity 11905K, committed 11980K, reserved 1048576K
}
Event: 543.289 GC heap before
{Heap before GC invocations=165 (full 10):
 garbage-first heap   total 119808K, used 82657K [0x00000000c4600000, 0x0000000100000000)
  region size 1024K, 28 young (28672K), 4 survivors (4096K)
 Metaspace       used 80291K, capacity 84340K, committed 84520K, reserved 1122304K
  class space    used 10476K, capacity 11905K, committed 11980K, reserved 1048576K
}
Event: 543.309 GC heap after
{Heap after GC invocations=166 (full 10):
 garbage-first heap   total 119808K, used 59581K [0x00000000c4600000, 0x0000000100000000)
  region size 1024K, 2 young (2048K), 2 survivors (2048K)
 Metaspace       used 80291K, capacity 84340K, committed 84520K, reserved 1122304K
  class space    used 10476K, capacity 11905K, committed 11980K, reserved 1048576K
}
Event: 591.552 GC heap before
{Heap before GC invocations=167 (full 10):
 garbage-first heap   total 119808K, used 71869K [0x00000000c4600000, 0x0000000100000000)
  region size 1024K, 15 young (15360K), 2 survivors (2048K)
 Metaspace       used 80294K, capacity 84346K, committed 84520K, reserved 1122304K
  class space    used 10476K, capacity 11907K, committed 11980K, reserved 1048576K
}
Event: 592.226 GC heap after
{Heap after GC invocations=168 (full 11):
 garbage-first heap   total 119808K, used 36007K [0x00000000c4600000, 0x0000000100000000)
  region size 1024K, 0 young (0K), 0 survivors (0K)
 Metaspace       used 80292K, capacity 84340K, committed 84520K, reserved 1122304K
  class space    used 10476K, capacity 11905K, committed 11980K, reserved 1048576K
}

